[debug] [2021-05-03T14:03:29.577Z] ----------------------------------------------------------------------
[debug] [2021-05-03T14:03:29.578Z] Command:       C:\Program Files\nodejs\node.exe C:\Users\Suhith Nanayakkara\AppData\Roaming\npm\node_modules\firebase-tools\lib\bin\firebase.js init
[debug] [2021-05-03T14:03:29.578Z] CLI Version:   9.10.0
[debug] [2021-05-03T14:03:29.579Z] Platform:      win32
[debug] [2021-05-03T14:03:29.579Z] Node Version:  v12.18.1
[debug] [2021-05-03T14:03:29.580Z] Time:          Mon May 03 2021 19:33:29 GMT+0530 (India Standard Time)
[debug] [2021-05-03T14:03:29.580Z] ----------------------------------------------------------------------
[debug] 
[debug] [2021-05-03T14:03:29.585Z] > command requires scopes: ["email","openid","https://www.googleapis.com/auth/cloudplatformprojects.readonly","https://www.googleapis.com/auth/firebase","https://www.googleapis.com/auth/cloud-platform"]
[debug] [2021-05-03T14:03:29.586Z] > authorizing via signed-in user (suhith42@gmail.com)
[info] 
     ######## #### ########  ######## ########     ###     ######  ########
     ##        ##  ##     ## ##       ##     ##  ##   ##  ##       ##
     ######    ##  ########  ######   ########  #########  ######  ######
     ##        ##  ##    ##  ##       ##     ## ##     ##       ## ##
     ##       #### ##     ## ######## ########  ##     ##  ######  ########

You're about to initialize a Firebase project in this directory:

  C:\Users\Suhith Nanayakkara\Documents\React Projects\tinder-clone

[info] 
=== Project Setup
[info] 
[info] First, let's associate this project directory with a Firebase project.
[info] You can create multiple project aliases by running firebase use --add, 
[info] but for now we'll just set up a default project.
[info] 
[debug] [2021-05-03T14:03:54.492Z] >>> [apiv2][query] GET https://firebase.googleapis.com/v1beta1/projects pageSize=100
[debug] [2021-05-03T14:03:55.255Z] <<< [apiv2][status] GET https://firebase.googleapis.com/v1beta1/projects 200
[debug] [2021-05-03T14:03:55.255Z] <<< [apiv2][body] GET https://firebase.googleapis.com/v1beta1/projects [omitted]
[info] i  Using project tinder-clone-a100e (tinder-clone) 
[info] 
=== Hosting Setup
[info] 
[info] Your public directory is the folder (relative to your project directory) that
[info] will contain Hosting assets to be uploaded with firebase deploy. If you
[info] have a build process for your assets, use your build's output directory.
[info] 
[debug] [2021-05-03T14:04:32.967Z] >>> [apiv2][query] GET https://www.gstatic.com/firebasejs/releases.json [none]
[debug] [2021-05-03T14:04:33.291Z] <<< [apiv2][status] GET https://www.gstatic.com/firebasejs/releases.json 200
[debug] [2021-05-03T14:04:33.292Z] <<< [apiv2][body] GET https://www.gstatic.com/firebasejs/releases.json {"current":{"version":"8.4.3","browserURL":"https://www.gstatic.com/firebasejs/8.4.3/firebase.js","packageURL":"https://www.gstatic.com/firebasejs/8.4.3/firebase.tgz"},"live":{"version":"8.4","browserURL":"https://www.gstatic.com/firebasejs/live/8.4/firebase.js","packageURL":"https://www.gstatic.com/firebasejs/live/8.4/firebase.tgz"},"components":{"analytics":"https://www.gstatic.com/firebasejs/8.4.3/firebase-analytics.js","app":"https://www.gstatic.com/firebasejs/8.4.3/firebase-app.js","auth":"https://www.gstatic.com/firebasejs/8.4.3/firebase-auth.js","database":"https://www.gstatic.com/firebasejs/8.4.3/firebase-database.js","firestore":"https://www.gstatic.com/firebasejs/8.4.3/firebase-firestore.js","functions":"https://www.gstatic.com/firebasejs/8.4.3/firebase-functions.js","installations":"https://www.gstatic.com/firebasejs/8.4.3/firebase-installations.js","messaging":"https://www.gstatic.com/firebasejs/8.4.3/firebase-messaging.js","storage":"https://www.gstatic.com/firebasejs/8.4.3/firebase-storage.js","performance":"https://www.gstatic.com/firebasejs/8.4.3/firebase-performance.js","remote-config":"https://www.gstatic.com/firebasejs/8.4.3/firebase-remote-config.js","firestore.memory":"https://www.gstatic.com/firebasejs/8.4.3/firebase-firestore.memory.js"}}
[info] +  Wrote build/index.html 
[info] 
[info] i  Detected a .git folder at C:\Users\Suhith Nanayakkara\Documents\React Projects\tinder-clone 
[info] i  Authorizing with GitHub to upload your service account to a GitHub repository's secrets store. 
[info] 
[info] Visit this URL on this device to log in:
[info] https://github.com/login/oauth/authorize?client_id=89cf50f02ac6aaed3484&state=325157479&redirect_uri=http%3A%2F%2Flocalhost%3A9005&scope=read%3Auser%20repo%20public_repo
[info] 
[info] Waiting for authentication...
[debug] [2021-05-03T14:04:51.834Z] >>> HTTP REQUEST POST https://github.com/login/oauth/access_token  
 {"client_id":"89cf50f02ac6aaed3484","client_secret":"3330d14abc895d9a74d5f17cd7a00711fa2c5bf0","code":"74505a72bc8da45f0668","redirect_uri":"http://localhost:9005","state":"325157479"}
[debug] [2021-05-03T14:04:52.421Z] <<< HTTP RESPONSE 200 {"server":"GitHub.com","date":"Mon, 03 May 2021 14:04:52 GMT","content-type":"application/json; charset=utf-8","transfer-encoding":"chunked","vary":"X-PJAX, Accept-Encoding, Accept, X-Requested-With","permissions-policy":"interest-cohort=()","etag":"W/\"a8b586ab72c7d122c747f46e3bd2a129\"","cache-control":"max-age=0, private, must-revalidate","strict-transport-security":"max-age=31536000; includeSubdomains; preload","x-frame-options":"deny","x-content-type-options":"nosniff","x-xss-protection":"0","referrer-policy":"origin-when-cross-origin, strict-origin-when-cross-origin","expect-ct":"max-age=2592000, report-uri=\"https://api.github.com/_private/browser/errors\"","content-security-policy":"default-src 'none'; base-uri 'self'; block-all-mixed-content; connect-src 'self' uploads.github.com www.githubstatus.com collector.githubapp.com api.github.com github-cloud.s3.amazonaws.com github-production-repository-file-5c1aeb.s3.amazonaws.com github-production-upload-manifest-file-7fdce7.s3.amazonaws.com github-production-user-asset-6210df.s3.amazonaws.com cdn.optimizely.com logx.optimizely.com/v1/events wss://alive.github.com; font-src github.githubassets.com; form-action 'self' github.com gist.github.com; frame-ancestors 'none'; frame-src render.githubusercontent.com; img-src 'self' data: github.githubassets.com identicons.github.com collector.githubapp.com github-cloud.s3.amazonaws.com secured-user-images.githubusercontent.com/ *.githubusercontent.com; manifest-src 'self'; media-src 'none'; script-src github.githubassets.com; style-src 'unsafe-inline' github.githubassets.com; worker-src github.com/socket-worker-3f088aa2.js gist.github.com/socket-worker-3f088aa2.js","x-github-request-id":"0CF4:1A4A:39E0B9:3D4763:60900304"}
[debug] [2021-05-03T14:04:52.427Z] >>> [apiv2][query] GET https://api.github.com/user [none]
[debug] [2021-05-03T14:04:53.059Z] <<< [apiv2][status] GET https://api.github.com/user 200
[debug] [2021-05-03T14:04:53.060Z] <<< [apiv2][body] GET https://api.github.com/user {"login":"suhith42","id":61136112,"node_id":"MDQ6VXNlcjYxMTM2MTEy","avatar_url":"https://avatars.githubusercontent.com/u/61136112?v=4","gravatar_id":"","url":"https://api.github.com/users/suhith42","html_url":"https://github.com/suhith42","followers_url":"https://api.github.com/users/suhith42/followers","following_url":"https://api.github.com/users/suhith42/following{/other_user}","gists_url":"https://api.github.com/users/suhith42/gists{/gist_id}","starred_url":"https://api.github.com/users/suhith42/starred{/owner}{/repo}","subscriptions_url":"https://api.github.com/users/suhith42/subscriptions","organizations_url":"https://api.github.com/users/suhith42/orgs","repos_url":"https://api.github.com/users/suhith42/repos","events_url":"https://api.github.com/users/suhith42/events{/privacy}","received_events_url":"https://api.github.com/users/suhith42/received_events","type":"User","site_admin":false,"name":"Suhith Nanayakkara","company":null,"blog":"","location":null,"email":null,"hireable":null,"bio":null,"twitter_username":null,"public_repos":3,"public_gists":0,"followers":0,"following":0,"created_at":"2020-02-17T06:39:33Z","updated_at":"2021-05-03T14:04:51Z","private_gists":0,"total_private_repos":3,"owned_private_repos":3,"disk_usage":14,"collaborators":0,"two_factor_authentication":false,"plan":{"name":"pro","space":976562499,"collaborators":0,"private_repos":9999}}
[info] 
[info] +  Success! Logged into GitHub as suhith42 
[info] 
